2025-12-06 00:18:43 INFO  [] [] - HV000001: Hibernate Validator 8.0.3.Final
2025-12-06 00:18:43 INFO  [] [] - Starting WebstoreApplication using Java 21.0.6 with PID 22840 (C:\Users\Johnd\webstore\build\classes\java\main started by Johnd in C:\Users\Johnd\webstore)
2025-12-06 00:18:43 INFO  [] [] - The following 1 profile is active: "dev"
2025-12-06 00:18:44 INFO  [] [] - Multiple Spring Data modules found, entering strict repository configuration mode
2025-12-06 00:18:44 INFO  [] [] - Bootstrapping Spring Data JPA repositories in DEFAULT mode.
2025-12-06 00:18:44 INFO  [] [] - Finished Spring Data repository scanning in 117 ms. Found 7 JPA repository interfaces.
2025-12-06 00:18:44 INFO  [] [] - Multiple Spring Data modules found, entering strict repository configuration mode
2025-12-06 00:18:44 INFO  [] [] - Bootstrapping Spring Data Redis repositories in DEFAULT mode.
2025-12-06 00:18:44 INFO  [] [] - Spring Data Redis - Could not safely identify store assignment for repository candidate interface gr.aueb.cf.webstore.repository.CategoryRepository; If you want this repository to be a Redis repository, consider annotating your entities with one of these annotations: org.springframework.data.redis.core.RedisHash (preferred), or consider extending one of the following types with your repository: org.springframework.data.keyvalue.repository.KeyValueRepository
2025-12-06 00:18:44 INFO  [] [] - Spring Data Redis - Could not safely identify store assignment for repository candidate interface gr.aueb.cf.webstore.repository.OrderItemRepository; If you want this repository to be a Redis repository, consider annotating your entities with one of these annotations: org.springframework.data.redis.core.RedisHash (preferred), or consider extending one of the following types with your repository: org.springframework.data.keyvalue.repository.KeyValueRepository
2025-12-06 00:18:44 INFO  [] [] - Spring Data Redis - Could not safely identify store assignment for repository candidate interface gr.aueb.cf.webstore.repository.OrderRepository; If you want this repository to be a Redis repository, consider annotating your entities with one of these annotations: org.springframework.data.redis.core.RedisHash (preferred), or consider extending one of the following types with your repository: org.springframework.data.keyvalue.repository.KeyValueRepository
2025-12-06 00:18:44 INFO  [] [] - Spring Data Redis - Could not safely identify store assignment for repository candidate interface gr.aueb.cf.webstore.repository.PaymentRepository; If you want this repository to be a Redis repository, consider annotating your entities with one of these annotations: org.springframework.data.redis.core.RedisHash (preferred), or consider extending one of the following types with your repository: org.springframework.data.keyvalue.repository.KeyValueRepository
2025-12-06 00:18:44 INFO  [] [] - Spring Data Redis - Could not safely identify store assignment for repository candidate interface gr.aueb.cf.webstore.repository.ProductRepository; If you want this repository to be a Redis repository, consider annotating your entities with one of these annotations: org.springframework.data.redis.core.RedisHash (preferred), or consider extending one of the following types with your repository: org.springframework.data.keyvalue.repository.KeyValueRepository
2025-12-06 00:18:44 INFO  [] [] - Spring Data Redis - Could not safely identify store assignment for repository candidate interface gr.aueb.cf.webstore.repository.ProductSpecRepository; If you want this repository to be a Redis repository, consider annotating your entities with one of these annotations: org.springframework.data.redis.core.RedisHash (preferred), or consider extending one of the following types with your repository: org.springframework.data.keyvalue.repository.KeyValueRepository
2025-12-06 00:18:44 INFO  [] [] - Spring Data Redis - Could not safely identify store assignment for repository candidate interface gr.aueb.cf.webstore.repository.UserRepository; If you want this repository to be a Redis repository, consider annotating your entities with one of these annotations: org.springframework.data.redis.core.RedisHash (preferred), or consider extending one of the following types with your repository: org.springframework.data.keyvalue.repository.KeyValueRepository
2025-12-06 00:18:44 INFO  [] [] - Finished Spring Data repository scanning in 12 ms. Found 0 Redis repository interfaces.
2025-12-06 00:18:45 INFO  [] [] - Tomcat initialized with port 8080 (http)
2025-12-06 00:18:45 INFO  [] [] - Initializing ProtocolHandler ["http-nio-0.0.0.0-8080"]
2025-12-06 00:18:45 INFO  [] [] - Starting service [Tomcat]
2025-12-06 00:18:45 INFO  [] [] - Starting Servlet engine: [Apache Tomcat/10.1.48]
2025-12-06 00:18:45 INFO  [] [] - Initializing Spring embedded WebApplicationContext
2025-12-06 00:18:45 INFO  [] [] - Root WebApplicationContext: initialization completed in 2147 ms
2025-12-06 00:18:45 INFO  [] [] - HHH000204: Processing PersistenceUnitInfo [name: default]
2025-12-06 00:18:45 INFO  [] [] - HHH000412: Hibernate ORM core version 6.6.33.Final
2025-12-06 00:18:45 INFO  [] [] - HHH000026: Second-level cache disabled
2025-12-06 00:18:45 INFO  [] [] - No LoadTimeWeaver setup: ignoring JPA class transformer
2025-12-06 00:18:45 INFO  [] [] - HikariPool-1 - Starting...
2025-12-06 00:18:46 INFO  [] [] - HikariPool-1 - Added connection com.mysql.cj.jdbc.ConnectionImpl@6b630d4b
2025-12-06 00:18:46 INFO  [] [] - HikariPool-1 - Start completed.
2025-12-06 00:18:46 INFO  [] [] - HHH10001005: Database info:
	Database JDBC URL [Connecting through datasource 'HikariDataSource (HikariPool-1)']
	Database driver: undefined/unknown
	Database version: 8.0.41
	Autocommit mode: undefined/unknown
	Isolation level: undefined/unknown
	Minimum pool size: undefined/unknown
	Maximum pool size: undefined/unknown
2025-12-06 00:18:47 INFO  [] [] - HHH000489: No JTA platform available (set 'hibernate.transaction.jta.platform' to enable JTA platform integration)
2025-12-06 00:18:47 INFO  [] [] - Initialized JPA EntityManagerFactory for persistence unit 'default'
2025-12-06 00:18:47 INFO  [] [] - Global AuthenticationManager configured with AuthenticationProvider bean with name authenticationProvider
2025-12-06 00:18:48 INFO  [] [] - Starting ProtocolHandler ["http-nio-0.0.0.0-8080"]
2025-12-06 00:18:48 INFO  [] [] - Tomcat started on port 8080 (http) with context path '/'
2025-12-06 00:18:48 INFO  [] [] - Started WebstoreApplication in 6.038 seconds (process running for 6.354)
2025-12-06 00:19:26 INFO  [] [] - Initializing Spring DispatcherServlet 'dispatcherServlet'
2025-12-06 00:19:26 INFO  [] [] - Initializing Servlet 'dispatcherServlet'
2025-12-06 00:19:26 INFO  [] [] - Completed initialization in 0 ms
2025-12-06 00:19:26 WARN  [] [] - User not authenticated, with message=Full authentication is required to access this resource
2025-12-06 00:19:26 WARN  [] [] - User not authenticated, with message=Full authentication is required to access this resource
2025-12-06 00:19:39 WARN  [] [] - User not authenticated, with message=Full authentication is required to access this resource
2025-12-06 00:20:08 INFO  [anonymousUser] [192.168.1.28] - Init duration for springdoc-openapi is: 1387 ms
