2025-12-07 13:42:19 INFO  [] [] - HV000001: Hibernate Validator 8.0.3.Final
2025-12-07 13:42:19 INFO  [] [] - Starting WebstoreApplication using Java 21.0.6 with PID 6680 (C:\Users\Johnd\webstore\build\classes\java\main started by Johnd in C:\Users\Johnd\webstore)
2025-12-07 13:42:19 INFO  [] [] - The following 1 profile is active: "dev"
2025-12-07 13:42:20 INFO  [] [] - Multiple Spring Data modules found, entering strict repository configuration mode
2025-12-07 13:42:20 INFO  [] [] - Bootstrapping Spring Data JPA repositories in DEFAULT mode.
2025-12-07 13:42:20 INFO  [] [] - Finished Spring Data repository scanning in 170 ms. Found 7 JPA repository interfaces.
2025-12-07 13:42:20 INFO  [] [] - Multiple Spring Data modules found, entering strict repository configuration mode
2025-12-07 13:42:20 INFO  [] [] - Bootstrapping Spring Data Redis repositories in DEFAULT mode.
2025-12-07 13:42:20 INFO  [] [] - Spring Data Redis - Could not safely identify store assignment for repository candidate interface gr.aueb.cf.webstore.repository.CategoryRepository; If you want this repository to be a Redis repository, consider annotating your entities with one of these annotations: org.springframework.data.redis.core.RedisHash (preferred), or consider extending one of the following types with your repository: org.springframework.data.keyvalue.repository.KeyValueRepository
2025-12-07 13:42:20 INFO  [] [] - Spring Data Redis - Could not safely identify store assignment for repository candidate interface gr.aueb.cf.webstore.repository.OrderItemRepository; If you want this repository to be a Redis repository, consider annotating your entities with one of these annotations: org.springframework.data.redis.core.RedisHash (preferred), or consider extending one of the following types with your repository: org.springframework.data.keyvalue.repository.KeyValueRepository
2025-12-07 13:42:20 INFO  [] [] - Spring Data Redis - Could not safely identify store assignment for repository candidate interface gr.aueb.cf.webstore.repository.OrderRepository; If you want this repository to be a Redis repository, consider annotating your entities with one of these annotations: org.springframework.data.redis.core.RedisHash (preferred), or consider extending one of the following types with your repository: org.springframework.data.keyvalue.repository.KeyValueRepository
2025-12-07 13:42:20 INFO  [] [] - Spring Data Redis - Could not safely identify store assignment for repository candidate interface gr.aueb.cf.webstore.repository.PaymentRepository; If you want this repository to be a Redis repository, consider annotating your entities with one of these annotations: org.springframework.data.redis.core.RedisHash (preferred), or consider extending one of the following types with your repository: org.springframework.data.keyvalue.repository.KeyValueRepository
2025-12-07 13:42:20 INFO  [] [] - Spring Data Redis - Could not safely identify store assignment for repository candidate interface gr.aueb.cf.webstore.repository.ProductRepository; If you want this repository to be a Redis repository, consider annotating your entities with one of these annotations: org.springframework.data.redis.core.RedisHash (preferred), or consider extending one of the following types with your repository: org.springframework.data.keyvalue.repository.KeyValueRepository
2025-12-07 13:42:20 INFO  [] [] - Spring Data Redis - Could not safely identify store assignment for repository candidate interface gr.aueb.cf.webstore.repository.ProductSpecRepository; If you want this repository to be a Redis repository, consider annotating your entities with one of these annotations: org.springframework.data.redis.core.RedisHash (preferred), or consider extending one of the following types with your repository: org.springframework.data.keyvalue.repository.KeyValueRepository
2025-12-07 13:42:20 INFO  [] [] - Spring Data Redis - Could not safely identify store assignment for repository candidate interface gr.aueb.cf.webstore.repository.UserRepository; If you want this repository to be a Redis repository, consider annotating your entities with one of these annotations: org.springframework.data.redis.core.RedisHash (preferred), or consider extending one of the following types with your repository: org.springframework.data.keyvalue.repository.KeyValueRepository
2025-12-07 13:42:20 INFO  [] [] - Finished Spring Data repository scanning in 13 ms. Found 0 Redis repository interfaces.
2025-12-07 13:42:21 INFO  [] [] - Tomcat initialized with port 8080 (http)
2025-12-07 13:42:21 INFO  [] [] - Initializing ProtocolHandler ["http-nio-8080"]
2025-12-07 13:42:21 INFO  [] [] - Starting service [Tomcat]
2025-12-07 13:42:21 INFO  [] [] - Starting Servlet engine: [Apache Tomcat/10.1.48]
2025-12-07 13:42:21 INFO  [] [] - Initializing Spring embedded WebApplicationContext
2025-12-07 13:42:21 INFO  [] [] - Root WebApplicationContext: initialization completed in 2192 ms
2025-12-07 13:42:21 INFO  [] [] - HHH000204: Processing PersistenceUnitInfo [name: default]
2025-12-07 13:42:22 INFO  [] [] - HHH000412: Hibernate ORM core version 6.6.33.Final
2025-12-07 13:42:22 INFO  [] [] - HHH000026: Second-level cache disabled
2025-12-07 13:42:22 INFO  [] [] - No LoadTimeWeaver setup: ignoring JPA class transformer
2025-12-07 13:42:22 INFO  [] [] - HikariPool-1 - Starting...
2025-12-07 13:42:22 INFO  [] [] - HikariPool-1 - Added connection com.mysql.cj.jdbc.ConnectionImpl@67f266bd
2025-12-07 13:42:22 INFO  [] [] - HikariPool-1 - Start completed.
2025-12-07 13:42:22 INFO  [] [] - HHH10001005: Database info:
	Database JDBC URL [Connecting through datasource 'HikariDataSource (HikariPool-1)']
	Database driver: undefined/unknown
	Database version: 8.0.41
	Autocommit mode: undefined/unknown
	Isolation level: undefined/unknown
	Minimum pool size: undefined/unknown
	Maximum pool size: undefined/unknown
2025-12-07 13:42:23 INFO  [] [] - HHH000489: No JTA platform available (set 'hibernate.transaction.jta.platform' to enable JTA platform integration)
2025-12-07 13:42:23 INFO  [] [] - Initialized JPA EntityManagerFactory for persistence unit 'default'
2025-12-07 13:42:24 INFO  [] [] - Global AuthenticationManager configured with AuthenticationProvider bean with name authenticationProvider
2025-12-07 13:42:25 INFO  [] [] - Starting ProtocolHandler ["http-nio-8080"]
2025-12-07 13:42:25 INFO  [] [] - Tomcat started on port 8080 (http) with context path '/'
2025-12-07 13:42:25 INFO  [] [] - Started WebstoreApplication in 6.499 seconds (process running for 6.786)
2025-12-07 13:43:39 INFO  [] [] - Initializing Spring DispatcherServlet 'dispatcherServlet'
2025-12-07 13:43:39 INFO  [] [] - Initializing Servlet 'dispatcherServlet'
2025-12-07 13:43:39 INFO  [] [] - Completed initialization in 1 ms
2025-12-07 13:46:35 WARN  [] [] - User not authenticated, with message=Full authentication is required to access this resource
2025-12-07 13:46:35 WARN  [] [] - User not authenticated, with message=Full authentication is required to access this resource
2025-12-07 13:48:44 INFO  [anonymousUser] [127.0.0.1] - Init duration for springdoc-openapi is: 1314 ms
2025-12-07 13:49:57 INFO  [anonymousUser] [127.0.0.1] - 2FA email sent to john.dim123@gmail.com
2025-12-07 13:49:57 INFO  [anonymousUser] [127.0.0.1] - 2FA challenge created for user email=john.dim123@gmail.com, token=75579e38-e2a1-41d6-b416-6f63d3b4de6c, ttl=300s
2025-12-07 13:50:17 INFO  [anonymousUser] [127.0.0.1] - 2FA email sent to john.dim123@gmail.com
2025-12-07 13:50:17 INFO  [anonymousUser] [127.0.0.1] - 2FA challenge created for user email=john.dim123@gmail.com, token=8b104f78-6e97-4d33-b7b4-e2a9b175abfa, ttl=300s
2025-12-07 13:53:26 WARN  [anonymousUser] [127.0.0.1] - Invalid Argument. Message = TwoFactorInvalidArgument
2025-12-07 13:53:38 INFO  [anonymousUser] [127.0.0.1] - 2FA verification succeeded for email=john.dim123@gmail.com with token=8b104f78-6e97-4d33-b7b4-e2a9b175abfa
2025-12-07 14:08:41 INFO  [] [] - Reconnecting, last destination was localhost/127.0.0.1:6379
2025-12-07 14:08:41 WARN  [] [] - Cannot reconnect to [localhost/<unresolved>:6379]: Connection closed prematurely
io.lettuce.core.RedisConnectionException: Connection closed prematurely
	at io.lettuce.core.protocol.RedisHandshakeHandler.channelInactive(RedisHandshakeHandler.java:76)
	at io.netty.channel.AbstractChannelHandlerContext.invokeChannelInactive(AbstractChannelHandlerContext.java:303)
	at io.netty.channel.AbstractChannelHandlerContext.invokeChannelInactive(AbstractChannelHandlerContext.java:281)
	at io.netty.channel.AbstractChannelHandlerContext.fireChannelInactive(AbstractChannelHandlerContext.java:274)
	at io.netty.channel.ChannelInboundHandlerAdapter.channelInactive(ChannelInboundHandlerAdapter.java:81)
	at io.lettuce.core.ChannelGroupListener.channelInactive(ChannelGroupListener.java:54)
	at io.netty.channel.AbstractChannelHandlerContext.invokeChannelInactive(AbstractChannelHandlerContext.java:303)
	at io.netty.channel.AbstractChannelHandlerContext.invokeChannelInactive(AbstractChannelHandlerContext.java:281)
	at io.netty.channel.AbstractChannelHandlerContext.fireChannelInactive(AbstractChannelHandlerContext.java:274)
	at io.netty.channel.DefaultChannelPipeline$HeadContext.channelInactive(DefaultChannelPipeline.java:1352)
	at io.netty.channel.AbstractChannelHandlerContext.invokeChannelInactive(AbstractChannelHandlerContext.java:301)
	at io.netty.channel.AbstractChannelHandlerContext.invokeChannelInactive(AbstractChannelHandlerContext.java:281)
	at io.netty.channel.DefaultChannelPipeline.fireChannelInactive(DefaultChannelPipeline.java:850)
	at io.netty.channel.AbstractChannel$AbstractUnsafe$7.run(AbstractChannel.java:811)
	at io.netty.util.concurrent.AbstractEventExecutor.runTask(AbstractEventExecutor.java:173)
	at io.netty.util.concurrent.AbstractEventExecutor.safeExecute(AbstractEventExecutor.java:166)
	at io.netty.util.concurrent.SingleThreadEventExecutor.runAllTasks(SingleThreadEventExecutor.java:472)
	at io.netty.channel.nio.NioEventLoop.run(NioEventLoop.java:566)
	at io.netty.util.concurrent.SingleThreadEventExecutor$4.run(SingleThreadEventExecutor.java:998)
	at io.netty.util.internal.ThreadExecutorMap$2.run(ThreadExecutorMap.java:74)
	at io.netty.util.concurrent.FastThreadLocalRunnable.run(FastThreadLocalRunnable.java:30)
	at java.base/java.lang.Thread.run(Thread.java:1583)
2025-12-07 18:11:09 INFO  [] [] - HV000001: Hibernate Validator 8.0.3.Final
2025-12-07 18:11:09 INFO  [] [] - Starting WebstoreApplication using Java 21.0.6 with PID 20068 (C:\Users\Johnd\webstore\build\classes\java\main started by Johnd in C:\Users\Johnd\webstore)
2025-12-07 18:11:09 INFO  [] [] - The following 1 profile is active: "dev"
2025-12-07 18:11:10 INFO  [] [] - Multiple Spring Data modules found, entering strict repository configuration mode
2025-12-07 18:11:10 INFO  [] [] - Bootstrapping Spring Data JPA repositories in DEFAULT mode.
2025-12-07 18:11:10 INFO  [] [] - Finished Spring Data repository scanning in 130 ms. Found 7 JPA repository interfaces.
2025-12-07 18:11:10 INFO  [] [] - Multiple Spring Data modules found, entering strict repository configuration mode
2025-12-07 18:11:10 INFO  [] [] - Bootstrapping Spring Data Redis repositories in DEFAULT mode.
2025-12-07 18:11:10 INFO  [] [] - Spring Data Redis - Could not safely identify store assignment for repository candidate interface gr.aueb.cf.webstore.repository.CategoryRepository; If you want this repository to be a Redis repository, consider annotating your entities with one of these annotations: org.springframework.data.redis.core.RedisHash (preferred), or consider extending one of the following types with your repository: org.springframework.data.keyvalue.repository.KeyValueRepository
2025-12-07 18:11:10 INFO  [] [] - Spring Data Redis - Could not safely identify store assignment for repository candidate interface gr.aueb.cf.webstore.repository.OrderItemRepository; If you want this repository to be a Redis repository, consider annotating your entities with one of these annotations: org.springframework.data.redis.core.RedisHash (preferred), or consider extending one of the following types with your repository: org.springframework.data.keyvalue.repository.KeyValueRepository
2025-12-07 18:11:10 INFO  [] [] - Spring Data Redis - Could not safely identify store assignment for repository candidate interface gr.aueb.cf.webstore.repository.OrderRepository; If you want this repository to be a Redis repository, consider annotating your entities with one of these annotations: org.springframework.data.redis.core.RedisHash (preferred), or consider extending one of the following types with your repository: org.springframework.data.keyvalue.repository.KeyValueRepository
2025-12-07 18:11:10 INFO  [] [] - Spring Data Redis - Could not safely identify store assignment for repository candidate interface gr.aueb.cf.webstore.repository.PaymentRepository; If you want this repository to be a Redis repository, consider annotating your entities with one of these annotations: org.springframework.data.redis.core.RedisHash (preferred), or consider extending one of the following types with your repository: org.springframework.data.keyvalue.repository.KeyValueRepository
2025-12-07 18:11:10 INFO  [] [] - Spring Data Redis - Could not safely identify store assignment for repository candidate interface gr.aueb.cf.webstore.repository.ProductRepository; If you want this repository to be a Redis repository, consider annotating your entities with one of these annotations: org.springframework.data.redis.core.RedisHash (preferred), or consider extending one of the following types with your repository: org.springframework.data.keyvalue.repository.KeyValueRepository
2025-12-07 18:11:10 INFO  [] [] - Spring Data Redis - Could not safely identify store assignment for repository candidate interface gr.aueb.cf.webstore.repository.ProductSpecRepository; If you want this repository to be a Redis repository, consider annotating your entities with one of these annotations: org.springframework.data.redis.core.RedisHash (preferred), or consider extending one of the following types with your repository: org.springframework.data.keyvalue.repository.KeyValueRepository
2025-12-07 18:11:10 INFO  [] [] - Spring Data Redis - Could not safely identify store assignment for repository candidate interface gr.aueb.cf.webstore.repository.UserRepository; If you want this repository to be a Redis repository, consider annotating your entities with one of these annotations: org.springframework.data.redis.core.RedisHash (preferred), or consider extending one of the following types with your repository: org.springframework.data.keyvalue.repository.KeyValueRepository
2025-12-07 18:11:10 INFO  [] [] - Finished Spring Data repository scanning in 11 ms. Found 0 Redis repository interfaces.
2025-12-07 18:11:11 INFO  [] [] - Tomcat initialized with port 8080 (http)
2025-12-07 18:11:11 INFO  [] [] - Initializing ProtocolHandler ["http-nio-8080"]
2025-12-07 18:11:11 INFO  [] [] - Starting service [Tomcat]
2025-12-07 18:11:11 INFO  [] [] - Starting Servlet engine: [Apache Tomcat/10.1.48]
2025-12-07 18:11:11 INFO  [] [] - Initializing Spring embedded WebApplicationContext
2025-12-07 18:11:11 INFO  [] [] - Root WebApplicationContext: initialization completed in 2155 ms
2025-12-07 18:11:12 INFO  [] [] - HHH000204: Processing PersistenceUnitInfo [name: default]
2025-12-07 18:11:12 INFO  [] [] - HHH000412: Hibernate ORM core version 6.6.33.Final
2025-12-07 18:11:12 INFO  [] [] - HHH000026: Second-level cache disabled
2025-12-07 18:11:12 INFO  [] [] - No LoadTimeWeaver setup: ignoring JPA class transformer
2025-12-07 18:11:12 INFO  [] [] - HikariPool-1 - Starting...
2025-12-07 18:11:12 INFO  [] [] - HikariPool-1 - Added connection com.mysql.cj.jdbc.ConnectionImpl@344a065a
2025-12-07 18:11:12 INFO  [] [] - HikariPool-1 - Start completed.
2025-12-07 18:11:12 INFO  [] [] - HHH10001005: Database info:
	Database JDBC URL [Connecting through datasource 'HikariDataSource (HikariPool-1)']
	Database driver: undefined/unknown
	Database version: 8.0.41
	Autocommit mode: undefined/unknown
	Isolation level: undefined/unknown
	Minimum pool size: undefined/unknown
	Maximum pool size: undefined/unknown
2025-12-07 18:11:13 INFO  [] [] - HHH000489: No JTA platform available (set 'hibernate.transaction.jta.platform' to enable JTA platform integration)
2025-12-07 18:11:13 INFO  [] [] - Initialized JPA EntityManagerFactory for persistence unit 'default'
2025-12-07 18:11:13 INFO  [] [] - Global AuthenticationManager configured with AuthenticationProvider bean with name authenticationProvider
2025-12-07 18:11:14 INFO  [] [] - Starting ProtocolHandler ["http-nio-8080"]
2025-12-07 18:11:14 INFO  [] [] - Tomcat started on port 8080 (http) with context path '/'
2025-12-07 18:11:14 INFO  [] [] - Started WebstoreApplication in 5.87 seconds (process running for 6.159)
2025-12-07 18:11:33 INFO  [] [] - Initializing Spring DispatcherServlet 'dispatcherServlet'
2025-12-07 18:11:33 INFO  [] [] - Initializing Servlet 'dispatcherServlet'
2025-12-07 18:11:33 INFO  [] [] - Completed initialization in 2 ms
2025-12-07 18:11:35 INFO  [anonymousUser] [127.0.0.1] - Init duration for springdoc-openapi is: 1796 ms
2025-12-07 18:14:20 INFO  [anonymousUser] [127.0.0.1] - New user created successfully. email=xrflas@gmail.com, phone=null
2025-12-07 18:14:23 INFO  [anonymousUser] [127.0.0.1] - Email verification email sent to xrflas@gmail.com
2025-12-07 18:14:23 INFO  [anonymousUser] [127.0.0.1] - Sent email verification token for user xrflas@gmail.com with token 14c35c64-2eb2-4ebc-b1f7-12f92de4bd96
2025-12-07 18:15:58 WARN  [anonymousUser] [127.0.0.1] - Request method 'GET' is not supported
2025-12-07 18:15:58 WARN  [] [] - User not authenticated, with message=Full authentication is required to access this resource
2025-12-07 18:18:59 INFO  [anonymousUser] [127.0.0.1] - Email verified for user xrflas@gmail.com
2025-12-07 18:21:06 INFO  [anonymousUser] [127.0.0.1] - 2FA email sent to xrflas@gmail.com
2025-12-07 18:21:06 INFO  [anonymousUser] [127.0.0.1] - 2FA challenge created for user email=xrflas@gmail.com, token=e24fbb9f-34bd-4567-a02e-2fa785c870a0, ttl=300s
2025-12-07 18:24:23 INFO  [anonymousUser] [127.0.0.1] - 2FA email sent to xrflas@gmail.com
2025-12-07 18:24:23 INFO  [anonymousUser] [127.0.0.1] - 2FA challenge created for user email=xrflas@gmail.com, token=44d507fa-247d-4c12-bb99-f496f31947d2, ttl=300s
2025-12-07 18:25:30 INFO  [anonymousUser] [127.0.0.1] - 2FA verification succeeded for email=xrflas@gmail.com with token=44d507fa-247d-4c12-bb99-f496f31947d2
2025-12-07 18:30:17 WARN  [anonymousUser] [127.0.0.1] - validation failed. Message = Validation failed
2025-12-07 18:30:28 INFO  [anonymousUser] [127.0.0.1] - New user created successfully. email=mpempisf@gmail.com, phone=null
2025-12-07 18:30:30 INFO  [anonymousUser] [127.0.0.1] - Email verification email sent to mpempisf@gmail.com
2025-12-07 18:30:30 INFO  [anonymousUser] [127.0.0.1] - Sent email verification token for user mpempisf@gmail.com with token 81ef1cbe-596c-49b2-b786-12aeac539f50
2025-12-07 18:31:56 WARN  [anonymousUser] [127.0.0.1] - Failed login for IP = 0:0:0:0:0:0:0:1
2025-12-07 19:16:48 INFO  [] [] - HV000001: Hibernate Validator 8.0.3.Final
2025-12-07 19:16:48 INFO  [] [] - Starting WebstoreApplication using Java 21.0.6 with PID 11764 (C:\Users\Johnd\webstore\build\classes\java\main started by Johnd in C:\Users\Johnd\webstore)
2025-12-07 19:16:48 INFO  [] [] - The following 1 profile is active: "dev"
2025-12-07 19:16:49 INFO  [] [] - Multiple Spring Data modules found, entering strict repository configuration mode
2025-12-07 19:16:49 INFO  [] [] - Bootstrapping Spring Data JPA repositories in DEFAULT mode.
2025-12-07 19:16:49 INFO  [] [] - Finished Spring Data repository scanning in 140 ms. Found 7 JPA repository interfaces.
2025-12-07 19:16:49 INFO  [] [] - Multiple Spring Data modules found, entering strict repository configuration mode
2025-12-07 19:16:49 INFO  [] [] - Bootstrapping Spring Data Redis repositories in DEFAULT mode.
2025-12-07 19:16:50 INFO  [] [] - Spring Data Redis - Could not safely identify store assignment for repository candidate interface gr.aueb.cf.webstore.repository.CategoryRepository; If you want this repository to be a Redis repository, consider annotating your entities with one of these annotations: org.springframework.data.redis.core.RedisHash (preferred), or consider extending one of the following types with your repository: org.springframework.data.keyvalue.repository.KeyValueRepository
2025-12-07 19:16:50 INFO  [] [] - Spring Data Redis - Could not safely identify store assignment for repository candidate interface gr.aueb.cf.webstore.repository.OrderItemRepository; If you want this repository to be a Redis repository, consider annotating your entities with one of these annotations: org.springframework.data.redis.core.RedisHash (preferred), or consider extending one of the following types with your repository: org.springframework.data.keyvalue.repository.KeyValueRepository
2025-12-07 19:16:50 INFO  [] [] - Spring Data Redis - Could not safely identify store assignment for repository candidate interface gr.aueb.cf.webstore.repository.OrderRepository; If you want this repository to be a Redis repository, consider annotating your entities with one of these annotations: org.springframework.data.redis.core.RedisHash (preferred), or consider extending one of the following types with your repository: org.springframework.data.keyvalue.repository.KeyValueRepository
2025-12-07 19:16:50 INFO  [] [] - Spring Data Redis - Could not safely identify store assignment for repository candidate interface gr.aueb.cf.webstore.repository.PaymentRepository; If you want this repository to be a Redis repository, consider annotating your entities with one of these annotations: org.springframework.data.redis.core.RedisHash (preferred), or consider extending one of the following types with your repository: org.springframework.data.keyvalue.repository.KeyValueRepository
2025-12-07 19:16:50 INFO  [] [] - Spring Data Redis - Could not safely identify store assignment for repository candidate interface gr.aueb.cf.webstore.repository.ProductRepository; If you want this repository to be a Redis repository, consider annotating your entities with one of these annotations: org.springframework.data.redis.core.RedisHash (preferred), or consider extending one of the following types with your repository: org.springframework.data.keyvalue.repository.KeyValueRepository
2025-12-07 19:16:50 INFO  [] [] - Spring Data Redis - Could not safely identify store assignment for repository candidate interface gr.aueb.cf.webstore.repository.ProductSpecRepository; If you want this repository to be a Redis repository, consider annotating your entities with one of these annotations: org.springframework.data.redis.core.RedisHash (preferred), or consider extending one of the following types with your repository: org.springframework.data.keyvalue.repository.KeyValueRepository
2025-12-07 19:16:50 INFO  [] [] - Spring Data Redis - Could not safely identify store assignment for repository candidate interface gr.aueb.cf.webstore.repository.UserRepository; If you want this repository to be a Redis repository, consider annotating your entities with one of these annotations: org.springframework.data.redis.core.RedisHash (preferred), or consider extending one of the following types with your repository: org.springframework.data.keyvalue.repository.KeyValueRepository
2025-12-07 19:16:50 INFO  [] [] - Finished Spring Data repository scanning in 12 ms. Found 0 Redis repository interfaces.
2025-12-07 19:16:51 INFO  [] [] - Tomcat initialized with port 8080 (http)
2025-12-07 19:16:51 INFO  [] [] - Initializing ProtocolHandler ["http-nio-8080"]
2025-12-07 19:16:51 INFO  [] [] - Starting service [Tomcat]
2025-12-07 19:16:51 INFO  [] [] - Starting Servlet engine: [Apache Tomcat/10.1.48]
2025-12-07 19:16:51 INFO  [] [] - Initializing Spring embedded WebApplicationContext
2025-12-07 19:16:51 INFO  [] [] - Root WebApplicationContext: initialization completed in 2282 ms
2025-12-07 19:16:51 INFO  [] [] - HHH000204: Processing PersistenceUnitInfo [name: default]
2025-12-07 19:16:51 INFO  [] [] - HHH000412: Hibernate ORM core version 6.6.33.Final
2025-12-07 19:16:51 INFO  [] [] - HHH000026: Second-level cache disabled
2025-12-07 19:16:51 INFO  [] [] - No LoadTimeWeaver setup: ignoring JPA class transformer
2025-12-07 19:16:51 INFO  [] [] - HikariPool-1 - Starting...
2025-12-07 19:16:51 INFO  [] [] - HikariPool-1 - Added connection com.mysql.cj.jdbc.ConnectionImpl@2aeb7c4c
2025-12-07 19:16:51 INFO  [] [] - HikariPool-1 - Start completed.
2025-12-07 19:16:51 INFO  [] [] - HHH10001005: Database info:
	Database JDBC URL [Connecting through datasource 'HikariDataSource (HikariPool-1)']
	Database driver: undefined/unknown
	Database version: 8.0.41
	Autocommit mode: undefined/unknown
	Isolation level: undefined/unknown
	Minimum pool size: undefined/unknown
	Maximum pool size: undefined/unknown
2025-12-07 19:16:52 INFO  [] [] - HHH000489: No JTA platform available (set 'hibernate.transaction.jta.platform' to enable JTA platform integration)
2025-12-07 19:16:52 INFO  [] [] - Initialized JPA EntityManagerFactory for persistence unit 'default'
2025-12-07 19:16:53 INFO  [] [] - Global AuthenticationManager configured with AuthenticationProvider bean with name authenticationProvider
2025-12-07 19:16:54 INFO  [] [] - Starting ProtocolHandler ["http-nio-8080"]
2025-12-07 19:16:54 INFO  [] [] - Tomcat started on port 8080 (http) with context path '/'
2025-12-07 19:16:54 INFO  [] [] - Started WebstoreApplication in 6.113 seconds (process running for 6.458)
2025-12-07 19:19:30 INFO  [] [] - Initializing Spring DispatcherServlet 'dispatcherServlet'
2025-12-07 19:19:30 INFO  [] [] - Initializing Servlet 'dispatcherServlet'
2025-12-07 19:19:30 INFO  [] [] - Completed initialization in 1 ms
2025-12-07 19:19:31 INFO  [anonymousUser] [127.0.0.1] - New user created successfully. email=xjohn.dim@gmail.com, phone=null
2025-12-07 19:19:33 INFO  [anonymousUser] [127.0.0.1] - Email verification email sent to xjohn.dim@gmail.com
2025-12-07 19:19:33 INFO  [anonymousUser] [127.0.0.1] - Sent email verification token for user xjohn.dim@gmail.com with token a32bfdbb-734e-4293-b80c-bcfe6217b490
